<?xml version="1.0" encoding="UTF-8"?>
<!-- Generated by org.testng.reporters.JUnitReportReporter -->
<testsuite hostname="TCandAXE-PC" failures="0" tests="1" name="com.ZP.testcases.HomePageTest" time="34.103" errors="0" timestamp="2023-01-11T09:51:02 IST" skipped="0">
  <testcase classname="com.ZP.testcases.HomePageTest" name="bikeDetails" time="34.103"/>
  <system-out/>
</testsuite> <!-- com.ZP.testcases.HomePageTest -->
